  bg.png 358567
  cancel.png 7800
  class.tis 693 compressed to 365 (52%)
  delete.png 3328
  favicon.ico 67646 compressed to 5862 (8%)
  flat-theme.css 12093 compressed to 4517 (37%)
  flat-theme.tis 1761 compressed to 925 (52%)
  ImgErr.jpg 20802
  layout.css 110
  main.htm 2965 compressed to 1457 (49%)
  refresh.png 6520
  scripts.tis 7647 compressed to 3445 (45%)
  style.css 2994 compressed to 1534 (51%)
  test4.3.html 1677 compressed to 922 (54%)
  test4.4.html 1699 compressed to 930 (54%)
  top.png 5942
  -----------------------------
  compressed size 424502 bytes
  resources.cpp
LINK : fatal error LNK1104: 无法打开文件“G:\Developer WorkDir\Github\Styunlen-s-Minecraft-Server-Status-GUI\Release\九仞私服状态获取.exe”
